c:\unrealproject\iocptestserver\gameserver\x64\debug\gameserver.pch
c:\unrealproject\iocptestserver\gameserver\x64\debug\vc143.pdb
c:\unrealproject\iocptestserver\gameserver\x64\debug\vc143.idb
c:\unrealproject\iocptestserver\gameserver\x64\debug\pch.obj
c:\unrealproject\iocptestserver\gameserver\x64\debug\usagemanager.obj
c:\unrealproject\iocptestserver\gameserver\x64\debug\clientpackethandler.obj
c:\unrealproject\iocptestserver\gameserver\x64\debug\gamesessionmanager.obj
c:\unrealproject\iocptestserver\gameserver\x64\debug\gamesession.obj
c:\unrealproject\iocptestserver\gameserver\x64\debug\gameserver.obj
c:\unrealproject\iocptestserver\gameserver\x64\debug\gameroom.obj
c:\unrealproject\iocptestserver\gameserver\x64\debug\player.obj
c:\unrealproject\iocptestserver\gameserver\x64\debug\objectmanager.obj
c:\unrealproject\iocptestserver\gameserver\x64\debug\gameobject.obj
c:\unrealproject\iocptestserver\gameserver\x64\debug\playermanager.obj
c:\unrealproject\iocptestserver\gameserver\x64\debug\loginmanager.obj
c:\unrealproject\iocptestserver\gameserver\x64\debug\mapdata.obj
c:\unrealproject\iocptestserver\gameserver\x64\debug\struct.pb.obj
c:\unrealproject\iocptestserver\gameserver\x64\debug\protocol.pb.obj
c:\unrealproject\iocptestserver\gameserver\x64\debug\enum.pb.obj
c:\unrealproject\iocptestserver\gameserver\x64\debug\gameserver.ilk
c:\unrealproject\iocptestserver\binary\debug\gameserver.exe
c:\unrealproject\iocptestserver\binary\debug\gameserver.pdb
c:\unrealproject\iocptestserver\gameserver\x64\debug\gameserver.tlog\cl.command.1.tlog
c:\unrealproject\iocptestserver\gameserver\x64\debug\gameserver.tlog\cl.read.1.tlog
c:\unrealproject\iocptestserver\gameserver\x64\debug\gameserver.tlog\cl.write.1.tlog
c:\unrealproject\iocptestserver\gameserver\x64\debug\gameserver.tlog\link.command.1.tlog
c:\unrealproject\iocptestserver\gameserver\x64\debug\gameserver.tlog\link.read.1.tlog
c:\unrealproject\iocptestserver\gameserver\x64\debug\gameserver.tlog\link.write.1.tlog
