  'protoc.exe'은(는) 내부 또는 외부 명령, 실행할 수 있는 프로그램, 또는
  배치 파일이 아닙니다.
  'protoc.exe'은(는) 내부 또는 외부 명령, 실행할 수 있는 프로그램, 또는
  배치 파일이 아닙니다.
  'protoc.exe'은(는) 내부 또는 외부 명령, 실행할 수 있는 프로그램, 또는
  배치 파일이 아닙니다.
  'GenPackets.exe'은(는) 내부 또는 외부 명령, 실행할 수 있는 프로그램, 또는
  배치 파일이 아닙니다.
  'GenPackets.exe'은(는) 내부 또는 외부 명령, 실행할 수 있는 프로그램, 또는
  배치 파일이 아닙니다.
  계속하려면 아무 키나 누르십시오 . . . 
  파일을 찾을 수 없습니다-Enum.pb.h
  0개 파일이 복사되었습니다.
  파일을 찾을 수 없습니다-Enum.pb.cc
  0개 파일이 복사되었습니다.
  파일을 찾을 수 없습니다-Struct.pb.h
  0개 파일이 복사되었습니다.
  0개 파일이 복사되었습니다.
  파일을 찾을 수 없습니다-Struct.pb.cc
  파일을 찾을 수 없습니다-Protocol.pb.h
  0개 파일이 복사되었습니다.
  파일을 찾을 수 없습니다-Protocol.pb.cc
  0개 파일이 복사되었습니다.
  0개 파일이 복사되었습니다.
  파일을 찾을 수 없습니다-ClientPacketHandler.h
  0개 파일이 복사되었습니다.
  파일을 찾을 수 없습니다-Enum.pb.h
  0개 파일이 복사되었습니다.
  파일을 찾을 수 없습니다-Enum.pb.cc
  0개 파일이 복사되었습니다.
  파일을 찾을 수 없습니다-Struct.pb.h
  파일을 찾을 수 없습니다-Struct.pb.cc
  0개 파일이 복사되었습니다.
  0개 파일이 복사되었습니다.
  파일을 찾을 수 없습니다-Protocol.pb.h
  파일을 찾을 수 없습니다-Protocol.pb.cc
  0개 파일이 복사되었습니다.
  0개 파일이 복사되었습니다.
  파일을 찾을 수 없습니다-ClientPacketHandler.h
  파일을 찾을 수 없습니다-Enum.pb.h
  0개 파일이 복사되었습니다.
  파일을 찾을 수 없습니다-Enum.pb.cc
  0개 파일이 복사되었습니다.
  파일을 찾을 수 없습니다-Struct.pb.h
  0개 파일이 복사되었습니다.
  0개 파일이 복사되었습니다.
  파일을 찾을 수 없습니다-Struct.pb.cc
  파일을 찾을 수 없습니다-Protocol.pb.h
  0개 파일이 복사되었습니다.
  파일을 찾을 수 없습니다-Protocol.pb.cc
  0개 파일이 복사되었습니다.
  0개 파일이 복사되었습니다.
  파일을 찾을 수 없습니다-ServerPacketHandler.h
  C:\Users\user\Desktop\Game\IOCPTestServer\Common\Protobuf\bin\*.pb.h을(를) 찾을 수 없습니다.
  C:\Users\user\Desktop\Game\IOCPTestServer\Common\Protobuf\bin\*.pb.cc을(를) 찾을 수 없습니다.
  C:\Users\user\Desktop\Game\IOCPTestServer\Common\Protobuf\bin\*.h을(를) 찾을 수 없습니다.
  계속하려면 아무 키나 누르십시오 . . . 
  ClientPacketHandler.cpp
  UsageManager.cpp
  Generating Code...
  Enum.pb.cc
C:\Users\user\Desktop\Game\IOCPTestServer\Libraries\Include\google\protobuf\stubs\status.h(97,15): warning C4251: 'google::protobuf::util::status_internal::Status::error_message_': class 'std::basic_string<char,std::char_traits<char>,std::allocator<char>>' needs to have dll-interface to be used by clients of class 'google::protobuf::util::status_internal::Status'
C:\Program Files\Microsoft Visual Studio\2022\Community\VC\Tools\MSVC\14.32.31326\include\xstring(4919): message : see declaration of 'std::basic_string<char,std::char_traits<char>,std::allocator<char>>'
C:\Users\user\Desktop\Game\IOCPTestServer\Libraries\Include\google\protobuf\stubs\logging.h(100,15): warning C4251: 'google::protobuf::internal::LogMessage::message_': class 'std::basic_string<char,std::char_traits<char>,std::allocator<char>>' needs to have dll-interface to be used by clients of class 'google::protobuf::internal::LogMessage'
C:\Program Files\Microsoft Visual Studio\2022\Community\VC\Tools\MSVC\14.32.31326\include\xstring(4919): message : see declaration of 'std::basic_string<char,std::char_traits<char>,std::allocator<char>>'
C:\Users\user\Desktop\Game\IOCPTestServer\Libraries\Include\google\protobuf\io\coded_stream.h(1282,28): warning C4251: 'google::protobuf::io::CodedOutputStream::default_serialization_deterministic_': struct 'std::atomic<bool>' needs to have dll-interface to be used by clients of class 'google::protobuf::io::CodedOutputStream'
C:\Program Files\Microsoft Visual Studio\2022\Community\VC\Tools\MSVC\14.32.31326\include\atomic(2686): message : see declaration of 'std::atomic<bool>'
C:\Users\user\Desktop\Game\IOCPTestServer\Libraries\Include\google\protobuf\arena_impl.h(307,23): warning C4251: 'google::protobuf::internal::SerialArena::space_allocated_': struct 'std::atomic<unsigned __int64>' needs to have dll-interface to be used by clients of class 'google::protobuf::internal::SerialArena'
C:\Program Files\Microsoft Visual Studio\2022\Community\VC\Tools\MSVC\14.32.31326\include\atomic(2698): message : see declaration of 'std::atomic<unsigned __int64>'
C:\Users\user\Desktop\Game\IOCPTestServer\Libraries\Include\google\protobuf\arena_impl.h(412,29): warning C4251: 'google::protobuf::internal::ThreadSafeArena::alloc_policy_': class 'google::protobuf::internal::TaggedAllocationPolicyPtr' needs to have dll-interface to be used by clients of class 'google::protobuf::internal::ThreadSafeArena'
C:\Users\user\Desktop\Game\IOCPTestServer\Libraries\Include\google\protobuf\arena_impl.h(112): message : see declaration of 'google::protobuf::internal::TaggedAllocationPolicyPtr'
C:\Users\user\Desktop\Game\IOCPTestServer\Libraries\Include\google\protobuf\arena_impl.h(415,29): warning C4251: 'google::protobuf::internal::ThreadSafeArena::threads_': struct 'std::atomic<google::protobuf::internal::SerialArena *>' needs to have dll-interface to be used by clients of class 'google::protobuf::internal::ThreadSafeArena'
C:\Users\user\Desktop\Game\IOCPTestServer\Libraries\Include\google\protobuf\arena_impl.h(415): message : see declaration of 'std::atomic<google::protobuf::internal::SerialArena *>'
C:\Users\user\Desktop\Game\IOCPTestServer\Libraries\Include\google\protobuf\arena_impl.h(416,29): warning C4251: 'google::protobuf::internal::ThreadSafeArena::hint_': struct 'std::atomic<google::protobuf::internal::SerialArena *>' needs to have dll-interface to be used by clients of class 'google::protobuf::internal::ThreadSafeArena'
C:\Users\user\Desktop\Game\IOCPTestServer\Libraries\Include\google\protobuf\arena_impl.h(415): message : see declaration of 'std::atomic<google::protobuf::internal::SerialArena *>'
C:\Users\user\Desktop\Game\IOCPTestServer\Libraries\Include\google\protobuf\arenastring.h(77,43): warning C4251: 'google::protobuf::internal::LazyString::inited_': struct 'std::atomic<const std::string *>' needs to have dll-interface to be used by clients of class 'google::protobuf::internal::LazyString'
C:\Users\user\Desktop\Game\IOCPTestServer\Libraries\Include\google\protobuf\arenastring.h(77): message : see declaration of 'std::atomic<const std::string *>'
C:\Users\user\Desktop\Game\IOCPTestServer\Libraries\Include\google\protobuf\arenastring.h(323,26): warning C4251: 'google::protobuf::internal::ArenaStringPtr::tagged_ptr_': class 'google::protobuf::internal::TaggedPtr<std::string>' needs to have dll-interface to be used by clients of struct 'google::protobuf::internal::ArenaStringPtr'
C:\Users\user\Desktop\Game\IOCPTestServer\Libraries\Include\google\protobuf\arenastring.h(118): message : see declaration of 'google::protobuf::internal::TaggedPtr<std::string>'
C:\Users\user\Desktop\Game\IOCPTestServer\Libraries\Include\google\protobuf\metadata_lite.h(261,15): warning C4251: 'google::protobuf::internal::LiteUnknownFieldSetter::buffer_': class 'std::basic_string<char,std::char_traits<char>,std::allocator<char>>' needs to have dll-interface to be used by clients of class 'google::protobuf::internal::LiteUnknownFieldSetter'
C:\Program Files\Microsoft Visual Studio\2022\Community\VC\Tools\MSVC\14.32.31326\include\xstring(4919): message : see declaration of 'std::basic_string<char,std::char_traits<char>,std::allocator<char>>'
C:\Users\user\Desktop\Game\IOCPTestServer\Libraries\Include\google\protobuf\message_lite.h(445,30): warning C4251: 'google::protobuf::MessageLite::_internal_metadata_': class 'google::protobuf::internal::InternalMetadata' needs to have dll-interface to be used by clients of class 'google::protobuf::MessageLite'
C:\Users\user\Desktop\Game\IOCPTestServer\Libraries\Include\google\protobuf\metadata_lite.h(62): message : see declaration of 'google::protobuf::internal::InternalMetadata'
C:\Users\user\Desktop\Game\IOCPTestServer\Libraries\Include\google\protobuf\implicit_weak_message.h(93,15): warning C4251: 'google::protobuf::internal::ImplicitWeakMessage::data_': class 'std::basic_string<char,std::char_traits<char>,std::allocator<char>>' needs to have dll-interface to be used by clients of class 'google::protobuf::internal::ImplicitWeakMessage'
C:\Program Files\Microsoft Visual Studio\2022\Community\VC\Tools\MSVC\14.32.31326\include\xstring(4919): message : see declaration of 'std::basic_string<char,std::char_traits<char>,std::allocator<char>>'
C:\Users\user\Desktop\Game\IOCPTestServer\Libraries\Include\google\protobuf\generated_message_util.h(193,20): warning C4251: 'google::protobuf::internal::CachedSize::size_': struct 'std::atomic<int>' needs to have dll-interface to be used by clients of class 'google::protobuf::internal::CachedSize'
C:\Program Files\Microsoft Visual Studio\2022\Community\VC\Tools\MSVC\14.32.31326\include\atomic(2693): message : see declaration of 'std::atomic<int>'
C:\Users\user\Desktop\Game\IOCPTestServer\Libraries\Include\google\protobuf\stubs\mutex.h(136,40): warning C4251: 'google::protobuf::internal::WrappedMutex::mu_': class 'google::protobuf::internal::CallOnceInitializedMutex<std::mutex>' needs to have dll-interface to be used by clients of class 'google::protobuf::internal::WrappedMutex'
C:\Users\user\Desktop\Game\IOCPTestServer\Libraries\Include\google\protobuf\stubs\mutex.h(136): message : see declaration of 'google::protobuf::internal::CallOnceInitializedMutex<std::mutex>'
C:\Users\user\Desktop\Game\IOCPTestServer\Libraries\Include\google\protobuf\descriptor.h(1627,25): warning C4251: 'google::protobuf::FileDescriptor::LazyInitData::once': struct 'std::once_flag' needs to have dll-interface to be used by clients of struct 'google::protobuf::FileDescriptor::LazyInitData'
C:\Program Files\Microsoft Visual Studio\2022\Community\VC\Tools\MSVC\14.32.31326\include\xcall_once.h(20): message : see declaration of 'std::once_flag'
C:\Users\user\Desktop\Game\IOCPTestServer\Libraries\Include\google\protobuf\descriptor.h(2041,27): warning C4251: 'google::protobuf::DescriptorPool::tables_': class 'std::unique_ptr<google::protobuf::DescriptorPool::Tables,std::default_delete<google::protobuf::DescriptorPool::Tables>>' needs to have dll-interface to be used by clients of class 'google::protobuf::DescriptorPool'
C:\Users\user\Desktop\Game\IOCPTestServer\Libraries\Include\google\protobuf\descriptor.h(2041): message : see declaration of 'std::unique_ptr<google::protobuf::DescriptorPool::Tables,std::default_delete<google::protobuf::DescriptorPool::Tables>>'
C:\Users\user\Desktop\Game\IOCPTestServer\Libraries\Include\google\protobuf\descriptor.h(2051,31): warning C4251: 'google::protobuf::DescriptorPool::unused_import_track_files_': class 'std::map<std::string,bool,std::less<std::string>,std::allocator<std::pair<const std::string,bool>>>' needs to have dll-interface to be used by clients of class 'google::protobuf::DescriptorPool'
C:\Users\user\Desktop\Game\IOCPTestServer\Libraries\Include\google\protobuf\descriptor.h(2051): message : see declaration of 'std::map<std::string,bool,std::less<std::string>,std::allocator<std::pair<const std::string,bool>>>'
C:\Users\user\Desktop\Game\IOCPTestServer\Libraries\Include\google\protobuf\io\zero_copy_stream_impl_lite.h(243,30): warning C4251: 'google::protobuf::io::CopyingInputStreamAdaptor::buffer_': class 'std::unique_ptr<uint8_t [],std::default_delete<uint8_t []>>' needs to have dll-interface to be used by clients of class 'google::protobuf::io::CopyingInputStreamAdaptor'
C:\Users\user\Desktop\Game\IOCPTestServer\Libraries\Include\google\protobuf\io\zero_copy_stream_impl_lite.h(243): message : see declaration of 'std::unique_ptr<uint8_t [],std::default_delete<uint8_t []>>'
C:\Users\user\Desktop\Game\IOCPTestServer\Libraries\Include\google\protobuf\io\zero_copy_stream_impl_lite.h(334,30): warning C4251: 'google::protobuf::io::CopyingOutputStreamAdaptor::buffer_': class 'std::unique_ptr<uint8_t [],std::default_delete<uint8_t []>>' needs to have dll-interface to be used by clients of class 'google::protobuf::io::CopyingOutputStreamAdaptor'
C:\Users\user\Desktop\Game\IOCPTestServer\Libraries\Include\google\protobuf\io\zero_copy_stream_impl_lite.h(243): message : see declaration of 'std::unique_ptr<uint8_t [],std::default_delete<uint8_t []>>'
C:\Users\user\Desktop\Game\IOCPTestServer\Libraries\Include\google\protobuf\unknown_field_set.h(206,29): warning C4251: 'google::protobuf::UnknownFieldSet::fields_': class 'std::vector<google::protobuf::UnknownField,std::allocator<google::protobuf::UnknownField>>' needs to have dll-interface to be used by clients of class 'google::protobuf::UnknownFieldSet'
C:\Users\user\Desktop\Game\IOCPTestServer\Libraries\Include\google\protobuf\unknown_field_set.h(206): message : see declaration of 'std::vector<google::protobuf::UnknownField,std::allocator<google::protobuf::UnknownField>>'
C:\Users\user\Desktop\Game\IOCPTestServer\Libraries\Include\google\protobuf\extension_set.h(1070,26): warning C4251: 'google::protobuf::internal::RepeatedPrimitiveDefaults::default_repeated_field_int32_t_': class 'google::protobuf::RepeatedField<int32_t>' needs to have dll-interface to be used by clients of class 'google::protobuf::internal::RepeatedPrimitiveDefaults'
C:\Users\user\Desktop\Game\IOCPTestServer\Libraries\Include\google\protobuf\repeated_field.h(1045): message : see declaration of 'google::protobuf::RepeatedField<int32_t>'
C:\Users\user\Desktop\Game\IOCPTestServer\Libraries\Include\google\protobuf\extension_set.h(1071,26): warning C4251: 'google::protobuf::internal::RepeatedPrimitiveDefaults::default_repeated_field_int64_t_': class 'google::protobuf::RepeatedField<int64_t>' needs to have dll-interface to be used by clients of class 'google::protobuf::internal::RepeatedPrimitiveDefaults'
C:\Users\user\Desktop\Game\IOCPTestServer\Libraries\Include\google\protobuf\repeated_field.h(1047): message : see declaration of 'google::protobuf::RepeatedField<int64_t>'
C:\Users\user\Desktop\Game\IOCPTestServer\Libraries\Include\google\protobuf\extension_set.h(1072,27): warning C4251: 'google::protobuf::internal::RepeatedPrimitiveDefaults::default_repeated_field_uint32_t_': class 'google::protobuf::RepeatedField<uint32_t>' needs to have dll-interface to be used by clients of class 'google::protobuf::internal::RepeatedPrimitiveDefaults'
C:\Users\user\Desktop\Game\IOCPTestServer\Libraries\Include\google\protobuf\repeated_field.h(1046): message : see declaration of 'google::protobuf::RepeatedField<uint32_t>'
C:\Users\user\Desktop\Game\IOCPTestServer\Libraries\Include\google\protobuf\extension_set.h(1073,27): warning C4251: 'google::protobuf::internal::RepeatedPrimitiveDefaults::default_repeated_field_uint64_t_': class 'google::protobuf::RepeatedField<uint64_t>' needs to have dll-interface to be used by clients of class 'google::protobuf::internal::RepeatedPrimitiveDefaults'
C:\Users\user\Desktop\Game\IOCPTestServer\Libraries\Include\google\protobuf\repeated_field.h(1048): message : see declaration of 'google::protobuf::RepeatedField<uint64_t>'
C:\Users\user\Desktop\Game\IOCPTestServer\Libraries\Include\google\protobuf\extension_set.h(1074,25): warning C4251: 'google::protobuf::internal::RepeatedPrimitiveDefaults::default_repeated_field_double_': class 'google::protobuf::RepeatedField<double>' needs to have dll-interface to be used by clients of class 'google::protobuf::internal::RepeatedPrimitiveDefaults'
C:\Users\user\Desktop\Game\IOCPTestServer\Libraries\Include\google\protobuf\repeated_field.h(1050): message : see declaration of 'google::protobuf::RepeatedField<double>'
C:\Users\user\Desktop\Game\IOCPTestServer\Libraries\Include\google\protobuf\extension_set.h(1075,24): warning C4251: 'google::protobuf::internal::RepeatedPrimitiveDefaults::default_repeated_field_float_': class 'google::protobuf::RepeatedField<float>' needs to have dll-interface to be used by clients of class 'google::protobuf::internal::RepeatedPrimitiveDefaults'
C:\Users\user\Desktop\Game\IOCPTestServer\Libraries\Include\google\protobuf\repeated_field.h(1049): message : see declaration of 'google::protobuf::RepeatedField<float>'
C:\Users\user\Desktop\Game\IOCPTestServer\Libraries\Include\google\protobuf\extension_set.h(1076,23): warning C4251: 'google::protobuf::internal::RepeatedPrimitiveDefaults::default_repeated_field_bool_': class 'google::protobuf::RepeatedField<bool>' needs to have dll-interface to be used by clients of class 'google::protobuf::internal::RepeatedPrimitiveDefaults'
C:\Users\user\Desktop\Game\IOCPTestServer\Libraries\Include\google\protobuf\repeated_field.h(1044): message : see declaration of 'google::protobuf::RepeatedField<bool>'
  Protocol.pb.cc
C:\Users\user\Desktop\Game\IOCPTestServer\Libraries\Include\google\protobuf\stubs\status.h(97,15): warning C4251: 'google::protobuf::util::status_internal::Status::error_message_': class 'std::basic_string<char,std::char_traits<char>,std::allocator<char>>' needs to have dll-interface to be used by clients of class 'google::protobuf::util::status_internal::Status'
C:\Program Files\Microsoft Visual Studio\2022\Community\VC\Tools\MSVC\14.32.31326\include\xstring(4919): message : see declaration of 'std::basic_string<char,std::char_traits<char>,std::allocator<char>>'
C:\Users\user\Desktop\Game\IOCPTestServer\Libraries\Include\google\protobuf\stubs\logging.h(100,15): warning C4251: 'google::protobuf::internal::LogMessage::message_': class 'std::basic_string<char,std::char_traits<char>,std::allocator<char>>' needs to have dll-interface to be used by clients of class 'google::protobuf::internal::LogMessage'
C:\Program Files\Microsoft Visual Studio\2022\Community\VC\Tools\MSVC\14.32.31326\include\xstring(4919): message : see declaration of 'std::basic_string<char,std::char_traits<char>,std::allocator<char>>'
C:\Users\user\Desktop\Game\IOCPTestServer\Libraries\Include\google\protobuf\io\coded_stream.h(1282,28): warning C4251: 'google::protobuf::io::CodedOutputStream::default_serialization_deterministic_': struct 'std::atomic<bool>' needs to have dll-interface to be used by clients of class 'google::protobuf::io::CodedOutputStream'
C:\Program Files\Microsoft Visual Studio\2022\Community\VC\Tools\MSVC\14.32.31326\include\atomic(2686): message : see declaration of 'std::atomic<bool>'
C:\Users\user\Desktop\Game\IOCPTestServer\Libraries\Include\google\protobuf\arena_impl.h(307,23): warning C4251: 'google::protobuf::internal::SerialArena::space_allocated_': struct 'std::atomic<unsigned __int64>' needs to have dll-interface to be used by clients of class 'google::protobuf::internal::SerialArena'
C:\Program Files\Microsoft Visual Studio\2022\Community\VC\Tools\MSVC\14.32.31326\include\atomic(2698): message : see declaration of 'std::atomic<unsigned __int64>'
C:\Users\user\Desktop\Game\IOCPTestServer\Libraries\Include\google\protobuf\arena_impl.h(412,29): warning C4251: 'google::protobuf::internal::ThreadSafeArena::alloc_policy_': class 'google::protobuf::internal::TaggedAllocationPolicyPtr' needs to have dll-interface to be used by clients of class 'google::protobuf::internal::ThreadSafeArena'
C:\Users\user\Desktop\Game\IOCPTestServer\Libraries\Include\google\protobuf\arena_impl.h(112): message : see declaration of 'google::protobuf::internal::TaggedAllocationPolicyPtr'
C:\Users\user\Desktop\Game\IOCPTestServer\Libraries\Include\google\protobuf\arena_impl.h(415,29): warning C4251: 'google::protobuf::internal::ThreadSafeArena::threads_': struct 'std::atomic<google::protobuf::internal::SerialArena *>' needs to have dll-interface to be used by clients of class 'google::protobuf::internal::ThreadSafeArena'
C:\Users\user\Desktop\Game\IOCPTestServer\Libraries\Include\google\protobuf\arena_impl.h(415): message : see declaration of 'std::atomic<google::protobuf::internal::SerialArena *>'
C:\Users\user\Desktop\Game\IOCPTestServer\Libraries\Include\google\protobuf\arena_impl.h(416,29): warning C4251: 'google::protobuf::internal::ThreadSafeArena::hint_': struct 'std::atomic<google::protobuf::internal::SerialArena *>' needs to have dll-interface to be used by clients of class 'google::protobuf::internal::ThreadSafeArena'
C:\Users\user\Desktop\Game\IOCPTestServer\Libraries\Include\google\protobuf\arena_impl.h(415): message : see declaration of 'std::atomic<google::protobuf::internal::SerialArena *>'
C:\Users\user\Desktop\Game\IOCPTestServer\Libraries\Include\google\protobuf\arenastring.h(77,43): warning C4251: 'google::protobuf::internal::LazyString::inited_': struct 'std::atomic<const std::string *>' needs to have dll-interface to be used by clients of class 'google::protobuf::internal::LazyString'
C:\Users\user\Desktop\Game\IOCPTestServer\Libraries\Include\google\protobuf\arenastring.h(77): message : see declaration of 'std::atomic<const std::string *>'
C:\Users\user\Desktop\Game\IOCPTestServer\Libraries\Include\google\protobuf\arenastring.h(323,26): warning C4251: 'google::protobuf::internal::ArenaStringPtr::tagged_ptr_': class 'google::protobuf::internal::TaggedPtr<std::string>' needs to have dll-interface to be used by clients of struct 'google::protobuf::internal::ArenaStringPtr'
C:\Users\user\Desktop\Game\IOCPTestServer\Libraries\Include\google\protobuf\arenastring.h(118): message : see declaration of 'google::protobuf::internal::TaggedPtr<std::string>'
C:\Users\user\Desktop\Game\IOCPTestServer\Libraries\Include\google\protobuf\metadata_lite.h(261,15): warning C4251: 'google::protobuf::internal::LiteUnknownFieldSetter::buffer_': class 'std::basic_string<char,std::char_traits<char>,std::allocator<char>>' needs to have dll-interface to be used by clients of class 'google::protobuf::internal::LiteUnknownFieldSetter'
C:\Program Files\Microsoft Visual Studio\2022\Community\VC\Tools\MSVC\14.32.31326\include\xstring(4919): message : see declaration of 'std::basic_string<char,std::char_traits<char>,std::allocator<char>>'
C:\Users\user\Desktop\Game\IOCPTestServer\Libraries\Include\google\protobuf\message_lite.h(445,30): warning C4251: 'google::protobuf::MessageLite::_internal_metadata_': class 'google::protobuf::internal::InternalMetadata' needs to have dll-interface to be used by clients of class 'google::protobuf::MessageLite'
C:\Users\user\Desktop\Game\IOCPTestServer\Libraries\Include\google\protobuf\metadata_lite.h(62): message : see declaration of 'google::protobuf::internal::InternalMetadata'
C:\Users\user\Desktop\Game\IOCPTestServer\Libraries\Include\google\protobuf\implicit_weak_message.h(93,15): warning C4251: 'google::protobuf::internal::ImplicitWeakMessage::data_': class 'std::basic_string<char,std::char_traits<char>,std::allocator<char>>' needs to have dll-interface to be used by clients of class 'google::protobuf::internal::ImplicitWeakMessage'
C:\Program Files\Microsoft Visual Studio\2022\Community\VC\Tools\MSVC\14.32.31326\include\xstring(4919): message : see declaration of 'std::basic_string<char,std::char_traits<char>,std::allocator<char>>'
C:\Users\user\Desktop\Game\IOCPTestServer\Libraries\Include\google\protobuf\io\zero_copy_stream_impl_lite.h(243,30): warning C4251: 'google::protobuf::io::CopyingInputStreamAdaptor::buffer_': class 'std::unique_ptr<uint8_t [],std::default_delete<uint8_t []>>' needs to have dll-interface to be used by clients of class 'google::protobuf::io::CopyingInputStreamAdaptor'
C:\Users\user\Desktop\Game\IOCPTestServer\Libraries\Include\google\protobuf\io\zero_copy_stream_impl_lite.h(243): message : see declaration of 'std::unique_ptr<uint8_t [],std::default_delete<uint8_t []>>'
C:\Users\user\Desktop\Game\IOCPTestServer\Libraries\Include\google\protobuf\io\zero_copy_stream_impl_lite.h(334,30): warning C4251: 'google::protobuf::io::CopyingOutputStreamAdaptor::buffer_': class 'std::unique_ptr<uint8_t [],std::default_delete<uint8_t []>>' needs to have dll-interface to be used by clients of class 'google::protobuf::io::CopyingOutputStreamAdaptor'
C:\Users\user\Desktop\Game\IOCPTestServer\Libraries\Include\google\protobuf\io\zero_copy_stream_impl_lite.h(243): message : see declaration of 'std::unique_ptr<uint8_t [],std::default_delete<uint8_t []>>'
C:\Users\user\Desktop\Game\IOCPTestServer\Libraries\Include\google\protobuf\generated_message_util.h(193,20): warning C4251: 'google::protobuf::internal::CachedSize::size_': struct 'std::atomic<int>' needs to have dll-interface to be used by clients of class 'google::protobuf::internal::CachedSize'
C:\Program Files\Microsoft Visual Studio\2022\Community\VC\Tools\MSVC\14.32.31326\include\atomic(2693): message : see declaration of 'std::atomic<int>'
C:\Users\user\Desktop\Game\IOCPTestServer\Libraries\Include\google\protobuf\stubs\mutex.h(136,40): warning C4251: 'google::protobuf::internal::WrappedMutex::mu_': class 'google::protobuf::internal::CallOnceInitializedMutex<std::mutex>' needs to have dll-interface to be used by clients of class 'google::protobuf::internal::WrappedMutex'
C:\Users\user\Desktop\Game\IOCPTestServer\Libraries\Include\google\protobuf\stubs\mutex.h(136): message : see declaration of 'google::protobuf::internal::CallOnceInitializedMutex<std::mutex>'
C:\Users\user\Desktop\Game\IOCPTestServer\Libraries\Include\google\protobuf\descriptor.h(1627,25): warning C4251: 'google::protobuf::FileDescriptor::LazyInitData::once': struct 'std::once_flag' needs to have dll-interface to be used by clients of struct 'google::protobuf::FileDescriptor::LazyInitData'
C:\Program Files\Microsoft Visual Studio\2022\Community\VC\Tools\MSVC\14.32.31326\include\xcall_once.h(20): message : see declaration of 'std::once_flag'
C:\Users\user\Desktop\Game\IOCPTestServer\Libraries\Include\google\protobuf\descriptor.h(2041,27): warning C4251: 'google::protobuf::DescriptorPool::tables_': class 'std::unique_ptr<google::protobuf::DescriptorPool::Tables,std::default_delete<google::protobuf::DescriptorPool::Tables>>' needs to have dll-interface to be used by clients of class 'google::protobuf::DescriptorPool'
C:\Users\user\Desktop\Game\IOCPTestServer\Libraries\Include\google\protobuf\descriptor.h(2041): message : see declaration of 'std::unique_ptr<google::protobuf::DescriptorPool::Tables,std::default_delete<google::protobuf::DescriptorPool::Tables>>'
C:\Users\user\Desktop\Game\IOCPTestServer\Libraries\Include\google\protobuf\descriptor.h(2051,31): warning C4251: 'google::protobuf::DescriptorPool::unused_import_track_files_': class 'std::map<std::string,bool,std::less<std::string>,std::allocator<std::pair<const std::string,bool>>>' needs to have dll-interface to be used by clients of class 'google::protobuf::DescriptorPool'
C:\Users\user\Desktop\Game\IOCPTestServer\Libraries\Include\google\protobuf\descriptor.h(2051): message : see declaration of 'std::map<std::string,bool,std::less<std::string>,std::allocator<std::pair<const std::string,bool>>>'
C:\Users\user\Desktop\Game\IOCPTestServer\Libraries\Include\google\protobuf\unknown_field_set.h(206,29): warning C4251: 'google::protobuf::UnknownFieldSet::fields_': class 'std::vector<google::protobuf::UnknownField,std::allocator<google::protobuf::UnknownField>>' needs to have dll-interface to be used by clients of class 'google::protobuf::UnknownFieldSet'
C:\Users\user\Desktop\Game\IOCPTestServer\Libraries\Include\google\protobuf\unknown_field_set.h(206): message : see declaration of 'std::vector<google::protobuf::UnknownField,std::allocator<google::protobuf::UnknownField>>'
C:\Users\user\Desktop\Game\IOCPTestServer\Libraries\Include\google\protobuf\extension_set.h(1070,26): warning C4251: 'google::protobuf::internal::RepeatedPrimitiveDefaults::default_repeated_field_int32_t_': class 'google::protobuf::RepeatedField<int32_t>' needs to have dll-interface to be used by clients of class 'google::protobuf::internal::RepeatedPrimitiveDefaults'
C:\Users\user\Desktop\Game\IOCPTestServer\Libraries\Include\google\protobuf\repeated_field.h(1045): message : see declaration of 'google::protobuf::RepeatedField<int32_t>'
C:\Users\user\Desktop\Game\IOCPTestServer\Libraries\Include\google\protobuf\extension_set.h(1071,26): warning C4251: 'google::protobuf::internal::RepeatedPrimitiveDefaults::default_repeated_field_int64_t_': class 'google::protobuf::RepeatedField<int64_t>' needs to have dll-interface to be used by clients of class 'google::protobuf::internal::RepeatedPrimitiveDefaults'
C:\Users\user\Desktop\Game\IOCPTestServer\Libraries\Include\google\protobuf\repeated_field.h(1047): message : see declaration of 'google::protobuf::RepeatedField<int64_t>'
C:\Users\user\Desktop\Game\IOCPTestServer\Libraries\Include\google\protobuf\extension_set.h(1072,27): warning C4251: 'google::protobuf::internal::RepeatedPrimitiveDefaults::default_repeated_field_uint32_t_': class 'google::protobuf::RepeatedField<uint32_t>' needs to have dll-interface to be used by clients of class 'google::protobuf::internal::RepeatedPrimitiveDefaults'
C:\Users\user\Desktop\Game\IOCPTestServer\Libraries\Include\google\protobuf\repeated_field.h(1046): message : see declaration of 'google::protobuf::RepeatedField<uint32_t>'
C:\Users\user\Desktop\Game\IOCPTestServer\Libraries\Include\google\protobuf\extension_set.h(1073,27): warning C4251: 'google::protobuf::internal::RepeatedPrimitiveDefaults::default_repeated_field_uint64_t_': class 'google::protobuf::RepeatedField<uint64_t>' needs to have dll-interface to be used by clients of class 'google::protobuf::internal::RepeatedPrimitiveDefaults'
C:\Users\user\Desktop\Game\IOCPTestServer\Libraries\Include\google\protobuf\repeated_field.h(1048): message : see declaration of 'google::protobuf::RepeatedField<uint64_t>'
C:\Users\user\Desktop\Game\IOCPTestServer\Libraries\Include\google\protobuf\extension_set.h(1074,25): warning C4251: 'google::protobuf::internal::RepeatedPrimitiveDefaults::default_repeated_field_double_': class 'google::protobuf::RepeatedField<double>' needs to have dll-interface to be used by clients of class 'google::protobuf::internal::RepeatedPrimitiveDefaults'
C:\Users\user\Desktop\Game\IOCPTestServer\Libraries\Include\google\protobuf\repeated_field.h(1050): message : see declaration of 'google::protobuf::RepeatedField<double>'
C:\Users\user\Desktop\Game\IOCPTestServer\Libraries\Include\google\protobuf\extension_set.h(1075,24): warning C4251: 'google::protobuf::internal::RepeatedPrimitiveDefaults::default_repeated_field_float_': class 'google::protobuf::RepeatedField<float>' needs to have dll-interface to be used by clients of class 'google::protobuf::internal::RepeatedPrimitiveDefaults'
C:\Users\user\Desktop\Game\IOCPTestServer\Libraries\Include\google\protobuf\repeated_field.h(1049): message : see declaration of 'google::protobuf::RepeatedField<float>'
C:\Users\user\Desktop\Game\IOCPTestServer\Libraries\Include\google\protobuf\extension_set.h(1076,23): warning C4251: 'google::protobuf::internal::RepeatedPrimitiveDefaults::default_repeated_field_bool_': class 'google::protobuf::RepeatedField<bool>' needs to have dll-interface to be used by clients of class 'google::protobuf::internal::RepeatedPrimitiveDefaults'
C:\Users\user\Desktop\Game\IOCPTestServer\Libraries\Include\google\protobuf\repeated_field.h(1044): message : see declaration of 'google::protobuf::RepeatedField<bool>'
  Struct.pb.cc
C:\Users\user\Desktop\Game\IOCPTestServer\Libraries\Include\google\protobuf\stubs\status.h(97,15): warning C4251: 'google::protobuf::util::status_internal::Status::error_message_': class 'std::basic_string<char,std::char_traits<char>,std::allocator<char>>' needs to have dll-interface to be used by clients of class 'google::protobuf::util::status_internal::Status'
C:\Program Files\Microsoft Visual Studio\2022\Community\VC\Tools\MSVC\14.32.31326\include\xstring(4919): message : see declaration of 'std::basic_string<char,std::char_traits<char>,std::allocator<char>>'
C:\Users\user\Desktop\Game\IOCPTestServer\Libraries\Include\google\protobuf\stubs\logging.h(100,15): warning C4251: 'google::protobuf::internal::LogMessage::message_': class 'std::basic_string<char,std::char_traits<char>,std::allocator<char>>' needs to have dll-interface to be used by clients of class 'google::protobuf::internal::LogMessage'
C:\Program Files\Microsoft Visual Studio\2022\Community\VC\Tools\MSVC\14.32.31326\include\xstring(4919): message : see declaration of 'std::basic_string<char,std::char_traits<char>,std::allocator<char>>'
C:\Users\user\Desktop\Game\IOCPTestServer\Libraries\Include\google\protobuf\io\coded_stream.h(1282,28): warning C4251: 'google::protobuf::io::CodedOutputStream::default_serialization_deterministic_': struct 'std::atomic<bool>' needs to have dll-interface to be used by clients of class 'google::protobuf::io::CodedOutputStream'
C:\Program Files\Microsoft Visual Studio\2022\Community\VC\Tools\MSVC\14.32.31326\include\atomic(2686): message : see declaration of 'std::atomic<bool>'
C:\Users\user\Desktop\Game\IOCPTestServer\Libraries\Include\google\protobuf\arena_impl.h(307,23): warning C4251: 'google::protobuf::internal::SerialArena::space_allocated_': struct 'std::atomic<unsigned __int64>' needs to have dll-interface to be used by clients of class 'google::protobuf::internal::SerialArena'
C:\Program Files\Microsoft Visual Studio\2022\Community\VC\Tools\MSVC\14.32.31326\include\atomic(2698): message : see declaration of 'std::atomic<unsigned __int64>'
C:\Users\user\Desktop\Game\IOCPTestServer\Libraries\Include\google\protobuf\arena_impl.h(412,29): warning C4251: 'google::protobuf::internal::ThreadSafeArena::alloc_policy_': class 'google::protobuf::internal::TaggedAllocationPolicyPtr' needs to have dll-interface to be used by clients of class 'google::protobuf::internal::ThreadSafeArena'
C:\Users\user\Desktop\Game\IOCPTestServer\Libraries\Include\google\protobuf\arena_impl.h(112): message : see declaration of 'google::protobuf::internal::TaggedAllocationPolicyPtr'
C:\Users\user\Desktop\Game\IOCPTestServer\Libraries\Include\google\protobuf\arena_impl.h(415,29): warning C4251: 'google::protobuf::internal::ThreadSafeArena::threads_': struct 'std::atomic<google::protobuf::internal::SerialArena *>' needs to have dll-interface to be used by clients of class 'google::protobuf::internal::ThreadSafeArena'
C:\Users\user\Desktop\Game\IOCPTestServer\Libraries\Include\google\protobuf\arena_impl.h(415): message : see declaration of 'std::atomic<google::protobuf::internal::SerialArena *>'
C:\Users\user\Desktop\Game\IOCPTestServer\Libraries\Include\google\protobuf\arena_impl.h(416,29): warning C4251: 'google::protobuf::internal::ThreadSafeArena::hint_': struct 'std::atomic<google::protobuf::internal::SerialArena *>' needs to have dll-interface to be used by clients of class 'google::protobuf::internal::ThreadSafeArena'
C:\Users\user\Desktop\Game\IOCPTestServer\Libraries\Include\google\protobuf\arena_impl.h(415): message : see declaration of 'std::atomic<google::protobuf::internal::SerialArena *>'
C:\Users\user\Desktop\Game\IOCPTestServer\Libraries\Include\google\protobuf\arenastring.h(77,43): warning C4251: 'google::protobuf::internal::LazyString::inited_': struct 'std::atomic<const std::string *>' needs to have dll-interface to be used by clients of class 'google::protobuf::internal::LazyString'
C:\Users\user\Desktop\Game\IOCPTestServer\Libraries\Include\google\protobuf\arenastring.h(77): message : see declaration of 'std::atomic<const std::string *>'
C:\Users\user\Desktop\Game\IOCPTestServer\Libraries\Include\google\protobuf\arenastring.h(323,26): warning C4251: 'google::protobuf::internal::ArenaStringPtr::tagged_ptr_': class 'google::protobuf::internal::TaggedPtr<std::string>' needs to have dll-interface to be used by clients of struct 'google::protobuf::internal::ArenaStringPtr'
C:\Users\user\Desktop\Game\IOCPTestServer\Libraries\Include\google\protobuf\arenastring.h(118): message : see declaration of 'google::protobuf::internal::TaggedPtr<std::string>'
C:\Users\user\Desktop\Game\IOCPTestServer\Libraries\Include\google\protobuf\metadata_lite.h(261,15): warning C4251: 'google::protobuf::internal::LiteUnknownFieldSetter::buffer_': class 'std::basic_string<char,std::char_traits<char>,std::allocator<char>>' needs to have dll-interface to be used by clients of class 'google::protobuf::internal::LiteUnknownFieldSetter'
C:\Program Files\Microsoft Visual Studio\2022\Community\VC\Tools\MSVC\14.32.31326\include\xstring(4919): message : see declaration of 'std::basic_string<char,std::char_traits<char>,std::allocator<char>>'
C:\Users\user\Desktop\Game\IOCPTestServer\Libraries\Include\google\protobuf\message_lite.h(445,30): warning C4251: 'google::protobuf::MessageLite::_internal_metadata_': class 'google::protobuf::internal::InternalMetadata' needs to have dll-interface to be used by clients of class 'google::protobuf::MessageLite'
C:\Users\user\Desktop\Game\IOCPTestServer\Libraries\Include\google\protobuf\metadata_lite.h(62): message : see declaration of 'google::protobuf::internal::InternalMetadata'
C:\Users\user\Desktop\Game\IOCPTestServer\Libraries\Include\google\protobuf\implicit_weak_message.h(93,15): warning C4251: 'google::protobuf::internal::ImplicitWeakMessage::data_': class 'std::basic_string<char,std::char_traits<char>,std::allocator<char>>' needs to have dll-interface to be used by clients of class 'google::protobuf::internal::ImplicitWeakMessage'
C:\Program Files\Microsoft Visual Studio\2022\Community\VC\Tools\MSVC\14.32.31326\include\xstring(4919): message : see declaration of 'std::basic_string<char,std::char_traits<char>,std::allocator<char>>'
C:\Users\user\Desktop\Game\IOCPTestServer\Libraries\Include\google\protobuf\generated_message_util.h(193,20): warning C4251: 'google::protobuf::internal::CachedSize::size_': struct 'std::atomic<int>' needs to have dll-interface to be used by clients of class 'google::protobuf::internal::CachedSize'
C:\Program Files\Microsoft Visual Studio\2022\Community\VC\Tools\MSVC\14.32.31326\include\atomic(2693): message : see declaration of 'std::atomic<int>'
C:\Users\user\Desktop\Game\IOCPTestServer\Libraries\Include\google\protobuf\stubs\mutex.h(136,40): warning C4251: 'google::protobuf::internal::WrappedMutex::mu_': class 'google::protobuf::internal::CallOnceInitializedMutex<std::mutex>' needs to have dll-interface to be used by clients of class 'google::protobuf::internal::WrappedMutex'
C:\Users\user\Desktop\Game\IOCPTestServer\Libraries\Include\google\protobuf\stubs\mutex.h(136): message : see declaration of 'google::protobuf::internal::CallOnceInitializedMutex<std::mutex>'
C:\Users\user\Desktop\Game\IOCPTestServer\Libraries\Include\google\protobuf\descriptor.h(1627,25): warning C4251: 'google::protobuf::FileDescriptor::LazyInitData::once': struct 'std::once_flag' needs to have dll-interface to be used by clients of struct 'google::protobuf::FileDescriptor::LazyInitData'
C:\Program Files\Microsoft Visual Studio\2022\Community\VC\Tools\MSVC\14.32.31326\include\xcall_once.h(20): message : see declaration of 'std::once_flag'
C:\Users\user\Desktop\Game\IOCPTestServer\Libraries\Include\google\protobuf\descriptor.h(2041,27): warning C4251: 'google::protobuf::DescriptorPool::tables_': class 'std::unique_ptr<google::protobuf::DescriptorPool::Tables,std::default_delete<google::protobuf::DescriptorPool::Tables>>' needs to have dll-interface to be used by clients of class 'google::protobuf::DescriptorPool'
C:\Users\user\Desktop\Game\IOCPTestServer\Libraries\Include\google\protobuf\descriptor.h(2041): message : see declaration of 'std::unique_ptr<google::protobuf::DescriptorPool::Tables,std::default_delete<google::protobuf::DescriptorPool::Tables>>'
C:\Users\user\Desktop\Game\IOCPTestServer\Libraries\Include\google\protobuf\descriptor.h(2051,31): warning C4251: 'google::protobuf::DescriptorPool::unused_import_track_files_': class 'std::map<std::string,bool,std::less<std::string>,std::allocator<std::pair<const std::string,bool>>>' needs to have dll-interface to be used by clients of class 'google::protobuf::DescriptorPool'
C:\Users\user\Desktop\Game\IOCPTestServer\Libraries\Include\google\protobuf\descriptor.h(2051): message : see declaration of 'std::map<std::string,bool,std::less<std::string>,std::allocator<std::pair<const std::string,bool>>>'
C:\Users\user\Desktop\Game\IOCPTestServer\Libraries\Include\google\protobuf\io\zero_copy_stream_impl_lite.h(243,30): warning C4251: 'google::protobuf::io::CopyingInputStreamAdaptor::buffer_': class 'std::unique_ptr<uint8_t [],std::default_delete<uint8_t []>>' needs to have dll-interface to be used by clients of class 'google::protobuf::io::CopyingInputStreamAdaptor'
C:\Users\user\Desktop\Game\IOCPTestServer\Libraries\Include\google\protobuf\io\zero_copy_stream_impl_lite.h(243): message : see declaration of 'std::unique_ptr<uint8_t [],std::default_delete<uint8_t []>>'
C:\Users\user\Desktop\Game\IOCPTestServer\Libraries\Include\google\protobuf\io\zero_copy_stream_impl_lite.h(334,30): warning C4251: 'google::protobuf::io::CopyingOutputStreamAdaptor::buffer_': class 'std::unique_ptr<uint8_t [],std::default_delete<uint8_t []>>' needs to have dll-interface to be used by clients of class 'google::protobuf::io::CopyingOutputStreamAdaptor'
C:\Users\user\Desktop\Game\IOCPTestServer\Libraries\Include\google\protobuf\io\zero_copy_stream_impl_lite.h(243): message : see declaration of 'std::unique_ptr<uint8_t [],std::default_delete<uint8_t []>>'
C:\Users\user\Desktop\Game\IOCPTestServer\Libraries\Include\google\protobuf\unknown_field_set.h(206,29): warning C4251: 'google::protobuf::UnknownFieldSet::fields_': class 'std::vector<google::protobuf::UnknownField,std::allocator<google::protobuf::UnknownField>>' needs to have dll-interface to be used by clients of class 'google::protobuf::UnknownFieldSet'
C:\Users\user\Desktop\Game\IOCPTestServer\Libraries\Include\google\protobuf\unknown_field_set.h(206): message : see declaration of 'std::vector<google::protobuf::UnknownField,std::allocator<google::protobuf::UnknownField>>'
C:\Users\user\Desktop\Game\IOCPTestServer\Libraries\Include\google\protobuf\extension_set.h(1070,26): warning C4251: 'google::protobuf::internal::RepeatedPrimitiveDefaults::default_repeated_field_int32_t_': class 'google::protobuf::RepeatedField<int32_t>' needs to have dll-interface to be used by clients of class 'google::protobuf::internal::RepeatedPrimitiveDefaults'
C:\Users\user\Desktop\Game\IOCPTestServer\Libraries\Include\google\protobuf\repeated_field.h(1045): message : see declaration of 'google::protobuf::RepeatedField<int32_t>'
C:\Users\user\Desktop\Game\IOCPTestServer\Libraries\Include\google\protobuf\extension_set.h(1071,26): warning C4251: 'google::protobuf::internal::RepeatedPrimitiveDefaults::default_repeated_field_int64_t_': class 'google::protobuf::RepeatedField<int64_t>' needs to have dll-interface to be used by clients of class 'google::protobuf::internal::RepeatedPrimitiveDefaults'
C:\Users\user\Desktop\Game\IOCPTestServer\Libraries\Include\google\protobuf\repeated_field.h(1047): message : see declaration of 'google::protobuf::RepeatedField<int64_t>'
C:\Users\user\Desktop\Game\IOCPTestServer\Libraries\Include\google\protobuf\extension_set.h(1072,27): warning C4251: 'google::protobuf::internal::RepeatedPrimitiveDefaults::default_repeated_field_uint32_t_': class 'google::protobuf::RepeatedField<uint32_t>' needs to have dll-interface to be used by clients of class 'google::protobuf::internal::RepeatedPrimitiveDefaults'
C:\Users\user\Desktop\Game\IOCPTestServer\Libraries\Include\google\protobuf\repeated_field.h(1046): message : see declaration of 'google::protobuf::RepeatedField<uint32_t>'
C:\Users\user\Desktop\Game\IOCPTestServer\Libraries\Include\google\protobuf\extension_set.h(1073,27): warning C4251: 'google::protobuf::internal::RepeatedPrimitiveDefaults::default_repeated_field_uint64_t_': class 'google::protobuf::RepeatedField<uint64_t>' needs to have dll-interface to be used by clients of class 'google::protobuf::internal::RepeatedPrimitiveDefaults'
C:\Users\user\Desktop\Game\IOCPTestServer\Libraries\Include\google\protobuf\repeated_field.h(1048): message : see declaration of 'google::protobuf::RepeatedField<uint64_t>'
C:\Users\user\Desktop\Game\IOCPTestServer\Libraries\Include\google\protobuf\extension_set.h(1074,25): warning C4251: 'google::protobuf::internal::RepeatedPrimitiveDefaults::default_repeated_field_double_': class 'google::protobuf::RepeatedField<double>' needs to have dll-interface to be used by clients of class 'google::protobuf::internal::RepeatedPrimitiveDefaults'
C:\Users\user\Desktop\Game\IOCPTestServer\Libraries\Include\google\protobuf\repeated_field.h(1050): message : see declaration of 'google::protobuf::RepeatedField<double>'
C:\Users\user\Desktop\Game\IOCPTestServer\Libraries\Include\google\protobuf\extension_set.h(1075,24): warning C4251: 'google::protobuf::internal::RepeatedPrimitiveDefaults::default_repeated_field_float_': class 'google::protobuf::RepeatedField<float>' needs to have dll-interface to be used by clients of class 'google::protobuf::internal::RepeatedPrimitiveDefaults'
C:\Users\user\Desktop\Game\IOCPTestServer\Libraries\Include\google\protobuf\repeated_field.h(1049): message : see declaration of 'google::protobuf::RepeatedField<float>'
C:\Users\user\Desktop\Game\IOCPTestServer\Libraries\Include\google\protobuf\extension_set.h(1076,23): warning C4251: 'google::protobuf::internal::RepeatedPrimitiveDefaults::default_repeated_field_bool_': class 'google::protobuf::RepeatedField<bool>' needs to have dll-interface to be used by clients of class 'google::protobuf::internal::RepeatedPrimitiveDefaults'
C:\Users\user\Desktop\Game\IOCPTestServer\Libraries\Include\google\protobuf\repeated_field.h(1044): message : see declaration of 'google::protobuf::RepeatedField<bool>'
  Generating Code...
LINK : warning LNK4098: defaultlib 'MSVCRT' conflicts with use of other libs; use /NODEFAULTLIB:library
GameServer.obj : error LNK2019: unresolved external symbol "bool __cdecl FrokEngine::Handle_C_LOGIN(class std::shared_ptr<class FrokEngine::PacketSession> &,class Protocol::C_LOGIN &)" (?Handle_C_LOGIN@FrokEngine@@YA_NAEAV?$shared_ptr@VPacketSession@FrokEngine@@@std@@AEAVC_LOGIN@Protocol@@@Z) referenced in function "public: __cdecl `public: static void __cdecl FrokEngine::ClientPacketHandler::Init(void)'::`2'::<lambda_1>::operator()(class std::shared_ptr<class FrokEngine::PacketSession> &,unsigned char *,int)const " (??R<lambda_1>@?1??Init@ClientPacketHandler@FrokEngine@@SAXXZ@QEBA@AEAV?$shared_ptr@VPacketSession@FrokEngine@@@std@@PEAEH@Z)
GameServer.obj : error LNK2019: unresolved external symbol "bool __cdecl FrokEngine::Handle_C_SIGNUP(class std::shared_ptr<class FrokEngine::PacketSession> &,class Protocol::C_SIGNUP &)" (?Handle_C_SIGNUP@FrokEngine@@YA_NAEAV?$shared_ptr@VPacketSession@FrokEngine@@@std@@AEAVC_SIGNUP@Protocol@@@Z) referenced in function "public: __cdecl `public: static void __cdecl FrokEngine::ClientPacketHandler::Init(void)'::`2'::<lambda_2>::operator()(class std::shared_ptr<class FrokEngine::PacketSession> &,unsigned char *,int)const " (??R<lambda_2>@?1??Init@ClientPacketHandler@FrokEngine@@SAXXZ@QEBA@AEAV?$shared_ptr@VPacketSession@FrokEngine@@@std@@PEAEH@Z)
C:\Users\user\Desktop\Game\IOCPTestServer\Binary\Debug\GameServer.exe : fatal error LNK1120: 2 unresolved externals
