C:\Program Files\Microsoft Visual Studio\2022\Community\MSBuild\Microsoft\VC\v170\Microsoft.CppBuild.targets(1098,5): warning MSB8027: 이름이 main.cpp인 둘 이상의 파일이 같은 위치에 출력을 생성합니다. 이로 인해 잘못된 빌드 결과가 나타날 수 있습니다.  관련된 파일은 ..\Libraries\Include\jsoncpp\src\jsontestrunner\main.cpp, ..\Libraries\Include\jsoncpp\src\test_lib_json\main.cpp입니다.
  pch.cpp
  Allocator.cpp
C:\UnrealProject\IOCPTestServer\ServerCore\Allocator.cpp(29,54): warning C4244: '인수': 'FrokEngine::int64'에서 'SIZE_T'(으)로 변환하면서 데이터가 손실될 수 있습니다.
  BufferReader.cpp
  BufferWriter.cpp
  ConsoleLog.cpp
  CoreGlobal.cpp
  CorePch.cpp
  CoreTLS.cpp
  DeadLockProfiler.cpp
  GlobalQueue.cpp
  IocpCore.cpp
  IocpEvent.cpp
  Job.cpp
  JobQueue.cpp
  JobTimer.cpp
  Listener.cpp
  Lock.cpp
  LockQueue.cpp
  Memory.cpp
C:\UnrealProject\IOCPTestServer\ServerCore\Memory.cpp(18,43): warning C4316: 'FrokEngine::MemoryPool': 힙에 할당된 개체가 16에 맞추어져 있지 않을 수도 있습니다
C:\UnrealProject\IOCPTestServer\ServerCore\Memory.cpp(30,43): warning C4316: 'FrokEngine::MemoryPool': 힙에 할당된 개체가 16에 맞추어져 있지 않을 수도 있습니다
C:\UnrealProject\IOCPTestServer\ServerCore\Memory.cpp(42,43): warning C4316: 'FrokEngine::MemoryPool': 힙에 할당된 개체가 16에 맞추어져 있지 않을 수도 있습니다
  MemoryPool.cpp
  NetAddress.cpp
  코드를 생성하고 있습니다...
  컴파일하고 있습니다...
  RecvBuffer.cpp
  RefCounting.cpp
  SHA256.cpp
C:\UnrealProject\IOCPTestServer\ServerCore\SHA256.cpp(154,16): warning C4244: '=': 'uint64_t'에서 'uint8_t'(으)로 변환하면서 데이터가 손실될 수 있습니다.
C:\UnrealProject\IOCPTestServer\ServerCore\SHA256.cpp(155,25): warning C4244: '=': 'uint64_t'에서 'uint8_t'(으)로 변환하면서 데이터가 손실될 수 있습니다.
C:\UnrealProject\IOCPTestServer\ServerCore\SHA256.cpp(156,25): warning C4244: '=': 'uint64_t'에서 'uint8_t'(으)로 변환하면서 데이터가 손실될 수 있습니다.
C:\UnrealProject\IOCPTestServer\ServerCore\SHA256.cpp(157,25): warning C4244: '=': 'uint64_t'에서 'uint8_t'(으)로 변환하면서 데이터가 손실될 수 있습니다.
C:\UnrealProject\IOCPTestServer\ServerCore\SHA256.cpp(158,25): warning C4244: '=': 'uint64_t'에서 'uint8_t'(으)로 변환하면서 데이터가 손실될 수 있습니다.
C:\UnrealProject\IOCPTestServer\ServerCore\SHA256.cpp(159,25): warning C4244: '=': 'uint64_t'에서 'uint8_t'(으)로 변환하면서 데이터가 손실될 수 있습니다.
C:\UnrealProject\IOCPTestServer\ServerCore\SHA256.cpp(160,25): warning C4244: '=': 'uint64_t'에서 'uint8_t'(으)로 변환하면서 데이터가 손실될 수 있습니다.
  SendBuffer.cpp
  Service.cpp
  Session.cpp
  SocketUtils.cpp
  ThreadManager.cpp
  Timer.cpp
C:\UnrealProject\IOCPTestServer\ServerCore\Timer.cpp(33,15): warning C4244: 'return': 'double'에서 'float'(으)로 변환하면서 데이터가 손실될 수 있습니다.
  코드를 생성하고 있습니다...
Debug\main.obj : warning LNK4042: 개체가 두 번 이상 지정되었습니다. 나머지는 무시됩니다.
  ServerCore.vcxproj -> C:\UnrealProject\IOCPTestServer\Libraries\Libs\ServerCore\Debug\ServerCore.lib
