C:\Program Files\Microsoft Visual Studio\2022\Community\MSBuild\Microsoft\VC\v170\Microsoft.CppBuild.targets(1098,5): warning MSB8027: Two or more files with the name of main.cpp will produce outputs to the same location. This can lead to an incorrect build result.  The files involved are ..\Libraries\Include\jsoncpp\src\jsontestrunner\main.cpp, ..\Libraries\Include\jsoncpp\src\test_lib_json\main.cpp.
  pch.cpp
  main.cpp
  json_reader.cpp
  json_value.cpp
  json_writer.cpp
  fuzz.cpp
  jsontest.cpp
  main.cpp
C:\Users\user\Desktop\Game\IOCPTestServer\Libraries\Include\jsoncpp\src\test_lib_json\main.cpp(168,3): warning C4838: conversion from 'long' to 'unsigned int' requires a narrowing conversion
C:\Users\user\Desktop\Game\IOCPTestServer\Libraries\Include\jsoncpp\src\test_lib_json\main.cpp(169,3): warning C4838: conversion from 'long' to 'unsigned int' requires a narrowing conversion
C:\Users\user\Desktop\Game\IOCPTestServer\Libraries\Include\jsoncpp\src\test_lib_json\main.cpp(170,3): warning C4838: conversion from 'long' to 'unsigned int' requires a narrowing conversion
C:\Users\user\Desktop\Game\IOCPTestServer\Libraries\Include\jsoncpp\src\test_lib_json\main.cpp(171,3): warning C4838: conversion from 'long' to 'unsigned int' requires a narrowing conversion
C:\Users\user\Desktop\Game\IOCPTestServer\Libraries\Include\jsoncpp\src\test_lib_json\main.cpp(172,3): warning C4838: conversion from 'long' to 'unsigned int' requires a narrowing conversion
C:\Users\user\Desktop\Game\IOCPTestServer\Libraries\Include\jsoncpp\src\test_lib_json\main.cpp(173,3): warning C4838: conversion from 'long' to 'unsigned int' requires a narrowing conversion
C:\Users\user\Desktop\Game\IOCPTestServer\Libraries\Include\jsoncpp\src\test_lib_json\main.cpp(174,3): warning C4838: conversion from 'long' to 'unsigned int' requires a narrowing conversion
C:\Users\user\Desktop\Game\IOCPTestServer\Libraries\Include\jsoncpp\src\test_lib_json\main.cpp(175,3): warning C4838: conversion from 'long' to 'unsigned int' requires a narrowing conversion
C:\Users\user\Desktop\Game\IOCPTestServer\Libraries\Include\jsoncpp\src\test_lib_json\main.cpp(176,3): warning C4838: conversion from 'long' to 'unsigned int' requires a narrowing conversion
C:\Users\user\Desktop\Game\IOCPTestServer\Libraries\Include\jsoncpp\src\test_lib_json\main.cpp(177,3): warning C4838: conversion from 'long' to 'unsigned int' requires a narrowing conversion
C:\Users\user\Desktop\Game\IOCPTestServer\Libraries\Include\jsoncpp\src\test_lib_json\main.cpp(178,3): warning C4838: conversion from 'long' to 'unsigned int' requires a narrowing conversion
C:\Users\user\Desktop\Game\IOCPTestServer\Libraries\Include\jsoncpp\src\test_lib_json\main.cpp(179,3): warning C4838: conversion from 'long' to 'unsigned int' requires a narrowing conversion
C:\Users\user\Desktop\Game\IOCPTestServer\Libraries\Include\jsoncpp\src\test_lib_json\main.cpp(180,3): warning C4838: conversion from 'long' to 'unsigned int' requires a narrowing conversion
C:\Users\user\Desktop\Game\IOCPTestServer\Libraries\Include\jsoncpp\src\test_lib_json\main.cpp(181,3): warning C4838: conversion from 'long' to 'unsigned int' requires a narrowing conversion
C:\Users\user\Desktop\Game\IOCPTestServer\Libraries\Include\jsoncpp\src\test_lib_json\main.cpp(182,3): warning C4838: conversion from 'long' to 'unsigned int' requires a narrowing conversion
C:\Users\user\Desktop\Game\IOCPTestServer\Libraries\Include\jsoncpp\src\test_lib_json\main.cpp(189,3): warning C4838: conversion from 'long' to 'unsigned int' requires a narrowing conversion
C:\Users\user\Desktop\Game\IOCPTestServer\Libraries\Include\jsoncpp\src\test_lib_json\main.cpp(190,3): warning C4838: conversion from 'long' to 'unsigned int' requires a narrowing conversion
C:\Users\user\Desktop\Game\IOCPTestServer\Libraries\Include\jsoncpp\src\test_lib_json\main.cpp(287,3): warning C4838: conversion from 'long' to 'unsigned int' requires a narrowing conversion
C:\Users\user\Desktop\Game\IOCPTestServer\Libraries\Include\jsoncpp\src\test_lib_json\main.cpp(288,3): warning C4838: conversion from 'long' to 'unsigned int' requires a narrowing conversion
C:\Users\user\Desktop\Game\IOCPTestServer\Libraries\Include\jsoncpp\src\test_lib_json\main.cpp(455,3): warning C4838: conversion from 'long' to 'unsigned int' requires a narrowing conversion
C:\Users\user\Desktop\Game\IOCPTestServer\Libraries\Include\jsoncpp\src\test_lib_json\main.cpp(488,3): warning C4838: conversion from 'long' to 'unsigned int' requires a narrowing conversion
C:\Users\user\Desktop\Game\IOCPTestServer\Libraries\Include\jsoncpp\src\test_lib_json\main.cpp(489,3): warning C4838: conversion from 'long' to 'unsigned int' requires a narrowing conversion
C:\Users\user\Desktop\Game\IOCPTestServer\Libraries\Include\jsoncpp\src\test_lib_json\main.cpp(490,3): warning C4838: conversion from 'long' to 'unsigned int' requires a narrowing conversion
C:\Users\user\Desktop\Game\IOCPTestServer\Libraries\Include\jsoncpp\src\test_lib_json\main.cpp(517,3): warning C4838: conversion from 'long' to 'unsigned int' requires a narrowing conversion
C:\Users\user\Desktop\Game\IOCPTestServer\Libraries\Include\jsoncpp\src\test_lib_json\main.cpp(518,3): warning C4838: conversion from 'long' to 'unsigned int' requires a narrowing conversion
C:\Users\user\Desktop\Game\IOCPTestServer\Libraries\Include\jsoncpp\src\test_lib_json\main.cpp(590,3): warning C4838: conversion from 'long' to 'unsigned int' requires a narrowing conversion
C:\Users\user\Desktop\Game\IOCPTestServer\Libraries\Include\jsoncpp\src\test_lib_json\main.cpp(618,3): warning C4838: conversion from 'long' to 'unsigned int' requires a narrowing conversion
C:\Users\user\Desktop\Game\IOCPTestServer\Libraries\Include\jsoncpp\src\test_lib_json\main.cpp(650,3): warning C4838: conversion from 'long' to 'unsigned int' requires a narrowing conversion
C:\Users\user\Desktop\Game\IOCPTestServer\Libraries\Include\jsoncpp\src\test_lib_json\main.cpp(674,3): warning C4838: conversion from 'long' to 'unsigned int' requires a narrowing conversion
C:\Users\user\Desktop\Game\IOCPTestServer\Libraries\Include\jsoncpp\src\test_lib_json\main.cpp(702,3): warning C4838: conversion from 'long' to 'unsigned int' requires a narrowing conversion
C:\Users\user\Desktop\Game\IOCPTestServer\Libraries\Include\jsoncpp\src\test_lib_json\main.cpp(730,3): warning C4838: conversion from 'long' to 'unsigned int' requires a narrowing conversion
C:\Users\user\Desktop\Game\IOCPTestServer\Libraries\Include\jsoncpp\src\test_lib_json\main.cpp(757,3): warning C4838: conversion from 'long' to 'unsigned int' requires a narrowing conversion
C:\Users\user\Desktop\Game\IOCPTestServer\Libraries\Include\jsoncpp\src\test_lib_json\main.cpp(785,3): warning C4838: conversion from 'long' to 'unsigned int' requires a narrowing conversion
C:\Users\user\Desktop\Game\IOCPTestServer\Libraries\Include\jsoncpp\src\test_lib_json\main.cpp(813,3): warning C4838: conversion from 'long' to 'unsigned int' requires a narrowing conversion
C:\Users\user\Desktop\Game\IOCPTestServer\Libraries\Include\jsoncpp\src\test_lib_json\main.cpp(841,3): warning C4838: conversion from 'long' to 'unsigned int' requires a narrowing conversion
C:\Users\user\Desktop\Game\IOCPTestServer\Libraries\Include\jsoncpp\src\test_lib_json\main.cpp(867,3): warning C4838: conversion from 'long' to 'unsigned int' requires a narrowing conversion
C:\Users\user\Desktop\Game\IOCPTestServer\Libraries\Include\jsoncpp\src\test_lib_json\main.cpp(893,3): warning C4838: conversion from 'long' to 'unsigned int' requires a narrowing conversion
C:\Users\user\Desktop\Game\IOCPTestServer\Libraries\Include\jsoncpp\src\test_lib_json\main.cpp(918,3): warning C4838: conversion from 'long' to 'unsigned int' requires a narrowing conversion
C:\Users\user\Desktop\Game\IOCPTestServer\Libraries\Include\jsoncpp\src\test_lib_json\main.cpp(1003,3): warning C4838: conversion from 'long' to 'unsigned int' requires a narrowing conversion
C:\Users\user\Desktop\Game\IOCPTestServer\Libraries\Include\jsoncpp\src\test_lib_json\main.cpp(1029,3): warning C4838: conversion from 'long' to 'unsigned int' requires a narrowing conversion
C:\Users\user\Desktop\Game\IOCPTestServer\Libraries\Include\jsoncpp\src\test_lib_json\main.cpp(1055,3): warning C4838: conversion from 'long' to 'unsigned int' requires a narrowing conversion
C:\Users\user\Desktop\Game\IOCPTestServer\Libraries\Include\jsoncpp\src\test_lib_json\main.cpp(1082,3): warning C4838: conversion from 'long' to 'unsigned int' requires a narrowing conversion
C:\Users\user\Desktop\Game\IOCPTestServer\Libraries\Include\jsoncpp\src\test_lib_json\main.cpp(1106,3): warning C4838: conversion from 'long' to 'unsigned int' requires a narrowing conversion
C:\Users\user\Desktop\Game\IOCPTestServer\Libraries\Include\jsoncpp\src\test_lib_json\main.cpp(1132,3): warning C4838: conversion from 'long' to 'unsigned int' requires a narrowing conversion
C:\Users\user\Desktop\Game\IOCPTestServer\Libraries\Include\jsoncpp\src\test_lib_json\main.cpp(1158,3): warning C4838: conversion from 'long' to 'unsigned int' requires a narrowing conversion
C:\Users\user\Desktop\Game\IOCPTestServer\Libraries\Include\jsoncpp\src\test_lib_json\main.cpp(1182,3): warning C4838: conversion from 'long' to 'unsigned int' requires a narrowing conversion
C:\Users\user\Desktop\Game\IOCPTestServer\Libraries\Include\jsoncpp\src\test_lib_json\main.cpp(1208,3): warning C4838: conversion from 'long' to 'unsigned int' requires a narrowing conversion
C:\Users\user\Desktop\Game\IOCPTestServer\Libraries\Include\jsoncpp\src\test_lib_json\main.cpp(1232,3): warning C4838: conversion from 'long' to 'unsigned int' requires a narrowing conversion
C:\Users\user\Desktop\Game\IOCPTestServer\Libraries\Include\jsoncpp\src\test_lib_json\main.cpp(1255,3): warning C4838: conversion from 'long' to 'unsigned int' requires a narrowing conversion
C:\Users\user\Desktop\Game\IOCPTestServer\Libraries\Include\jsoncpp\src\test_lib_json\main.cpp(1277,3): warning C4838: conversion from 'long' to 'unsigned int' requires a narrowing conversion
C:\Users\user\Desktop\Game\IOCPTestServer\Libraries\Include\jsoncpp\src\test_lib_json\main.cpp(1304,3): warning C4838: conversion from 'long' to 'unsigned int' requires a narrowing conversion
C:\Users\user\Desktop\Game\IOCPTestServer\Libraries\Include\jsoncpp\src\test_lib_json\main.cpp(1332,3): warning C4838: conversion from 'long' to 'unsigned int' requires a narrowing conversion
C:\Users\user\Desktop\Game\IOCPTestServer\Libraries\Include\jsoncpp\src\test_lib_json\main.cpp(1358,3): warning C4838: conversion from 'long' to 'unsigned int' requires a narrowing conversion
C:\Users\user\Desktop\Game\IOCPTestServer\Libraries\Include\jsoncpp\src\test_lib_json\main.cpp(1389,3): warning C4838: conversion from 'long' to 'unsigned int' requires a narrowing conversion
C:\Users\user\Desktop\Game\IOCPTestServer\Libraries\Include\jsoncpp\src\test_lib_json\main.cpp(1418,3): warning C4838: conversion from 'long' to 'unsigned int' requires a narrowing conversion
C:\Users\user\Desktop\Game\IOCPTestServer\Libraries\Include\jsoncpp\src\test_lib_json\main.cpp(1489,3): warning C4838: conversion from 'long' to 'unsigned int' requires a narrowing conversion
C:\Users\user\Desktop\Game\IOCPTestServer\Libraries\Include\jsoncpp\src\test_lib_json\main.cpp(1516,3): warning C4838: conversion from 'long' to 'unsigned int' requires a narrowing conversion
C:\Users\user\Desktop\Game\IOCPTestServer\Libraries\Include\jsoncpp\src\test_lib_json\main.cpp(1517,1): warning C4838: conversion from 'long' to 'unsigned int' requires a narrowing conversion
C:\Users\user\Desktop\Game\IOCPTestServer\Libraries\Include\jsoncpp\src\test_lib_json\main.cpp(1519,1): warning C4838: conversion from 'long' to 'unsigned int' requires a narrowing conversion
C:\Users\user\Desktop\Game\IOCPTestServer\Libraries\Include\jsoncpp\src\test_lib_json\main.cpp(1524,3): warning C4838: conversion from 'long' to 'unsigned int' requires a narrowing conversion
C:\Users\user\Desktop\Game\IOCPTestServer\Libraries\Include\jsoncpp\src\test_lib_json\main.cpp(1525,3): warning C4838: conversion from 'long' to 'unsigned int' requires a narrowing conversion
C:\Users\user\Desktop\Game\IOCPTestServer\Libraries\Include\jsoncpp\src\test_lib_json\main.cpp(1526,3): warning C4838: conversion from 'long' to 'unsigned int' requires a narrowing conversion
C:\Users\user\Desktop\Game\IOCPTestServer\Libraries\Include\jsoncpp\src\test_lib_json\main.cpp(1527,3): warning C4838: conversion from 'long' to 'unsigned int' requires a narrowing conversion
C:\Users\user\Desktop\Game\IOCPTestServer\Libraries\Include\jsoncpp\src\test_lib_json\main.cpp(1531,3): warning C4838: conversion from 'long' to 'unsigned int' requires a narrowing conversion
C:\Users\user\Desktop\Game\IOCPTestServer\Libraries\Include\jsoncpp\src\test_lib_json\main.cpp(1532,3): warning C4838: conversion from 'long' to 'unsigned int' requires a narrowing conversion
C:\Users\user\Desktop\Game\IOCPTestServer\Libraries\Include\jsoncpp\src\test_lib_json\main.cpp(1533,3): warning C4838: conversion from 'long' to 'unsigned int' requires a narrowing conversion
C:\Users\user\Desktop\Game\IOCPTestServer\Libraries\Include\jsoncpp\src\test_lib_json\main.cpp(1537,3): warning C4838: conversion from 'long' to 'unsigned int' requires a narrowing conversion
C:\Users\user\Desktop\Game\IOCPTestServer\Libraries\Include\jsoncpp\src\test_lib_json\main.cpp(1538,3): warning C4838: conversion from 'long' to 'unsigned int' requires a narrowing conversion
C:\Users\user\Desktop\Game\IOCPTestServer\Libraries\Include\jsoncpp\src\test_lib_json\main.cpp(1539,3): warning C4838: conversion from 'long' to 'unsigned int' requires a narrowing conversion
C:\Users\user\Desktop\Game\IOCPTestServer\Libraries\Include\jsoncpp\src\test_lib_json\main.cpp(1540,3): warning C4838: conversion from 'long' to 'unsigned int' requires a narrowing conversion
C:\Users\user\Desktop\Game\IOCPTestServer\Libraries\Include\jsoncpp\src\test_lib_json\main.cpp(1544,3): warning C4838: conversion from 'long' to 'unsigned int' requires a narrowing conversion
C:\Users\user\Desktop\Game\IOCPTestServer\Libraries\Include\jsoncpp\src\test_lib_json\main.cpp(1545,3): warning C4838: conversion from 'long' to 'unsigned int' requires a narrowing conversion
C:\Users\user\Desktop\Game\IOCPTestServer\Libraries\Include\jsoncpp\src\test_lib_json\main.cpp(1546,3): warning C4838: conversion from 'long' to 'unsigned int' requires a narrowing conversion
C:\Users\user\Desktop\Game\IOCPTestServer\Libraries\Include\jsoncpp\src\test_lib_json\main.cpp(1547,3): warning C4838: conversion from 'long' to 'unsigned int' requires a narrowing conversion
C:\Users\user\Desktop\Game\IOCPTestServer\Libraries\Include\jsoncpp\src\test_lib_json\main.cpp(1548,1): warning C4819: The file contains a character that cannot be represented in the current code page (949). Save the file in Unicode format to prevent data loss
C:\Users\user\Desktop\Game\IOCPTestServer\Libraries\Include\jsoncpp\src\test_lib_json\main.cpp(1548,3): warning C4838: conversion from 'long' to 'unsigned int' requires a narrowing conversion
C:\Users\user\Desktop\Game\IOCPTestServer\Libraries\Include\jsoncpp\src\test_lib_json\main.cpp(1549,3): warning C4838: conversion from 'long' to 'unsigned int' requires a narrowing conversion
C:\Users\user\Desktop\Game\IOCPTestServer\Libraries\Include\jsoncpp\src\test_lib_json\main.cpp(1550,3): warning C4838: conversion from 'long' to 'unsigned int' requires a narrowing conversion
C:\Users\user\Desktop\Game\IOCPTestServer\Libraries\Include\jsoncpp\src\test_lib_json\main.cpp(1551,3): warning C4838: conversion from 'long' to 'unsigned int' requires a narrowing conversion
C:\Users\user\Desktop\Game\IOCPTestServer\Libraries\Include\jsoncpp\src\test_lib_json\main.cpp(1555,3): warning C4838: conversion from 'long' to 'unsigned int' requires a narrowing conversion
C:\Users\user\Desktop\Game\IOCPTestServer\Libraries\Include\jsoncpp\src\test_lib_json\main.cpp(1556,3): warning C4838: conversion from 'long' to 'unsigned int' requires a narrowing conversion
C:\Users\user\Desktop\Game\IOCPTestServer\Libraries\Include\jsoncpp\src\test_lib_json\main.cpp(1557,3): warning C4838: conversion from 'long' to 'unsigned int' requires a narrowing conversion
C:\Users\user\Desktop\Game\IOCPTestServer\Libraries\Include\jsoncpp\src\test_lib_json\main.cpp(1573,3): warning C4838: conversion from 'long' to 'unsigned int' requires a narrowing conversion
C:\Users\user\Desktop\Game\IOCPTestServer\Libraries\Include\jsoncpp\src\test_lib_json\main.cpp(1574,3): warning C4838: conversion from 'long' to 'unsigned int' requires a narrowing conversion
C:\Users\user\Desktop\Game\IOCPTestServer\Libraries\Include\jsoncpp\src\test_lib_json\main.cpp(1575,3): warning C4838: conversion from 'long' to 'unsigned int' requires a narrowing conversion
C:\Users\user\Desktop\Game\IOCPTestServer\Libraries\Include\jsoncpp\src\test_lib_json\main.cpp(1576,3): warning C4838: conversion from 'long' to 'unsigned int' requires a narrowing conversion
C:\Users\user\Desktop\Game\IOCPTestServer\Libraries\Include\jsoncpp\src\test_lib_json\main.cpp(1577,3): warning C4838: conversion from 'long' to 'unsigned int' requires a narrowing conversion
C:\Users\user\Desktop\Game\IOCPTestServer\Libraries\Include\jsoncpp\src\test_lib_json\main.cpp(1578,3): warning C4838: conversion from 'long' to 'unsigned int' requires a narrowing conversion
C:\Users\user\Desktop\Game\IOCPTestServer\Libraries\Include\jsoncpp\src\test_lib_json\main.cpp(1579,3): warning C4838: conversion from 'long' to 'unsigned int' requires a narrowing conversion
C:\Users\user\Desktop\Game\IOCPTestServer\Libraries\Include\jsoncpp\src\test_lib_json\main.cpp(1580,3): warning C4838: conversion from 'long' to 'unsigned int' requires a narrowing conversion
C:\Users\user\Desktop\Game\IOCPTestServer\Libraries\Include\jsoncpp\src\test_lib_json\main.cpp(1581,3): warning C4838: conversion from 'long' to 'unsigned int' requires a narrowing conversion
C:\Users\user\Desktop\Game\IOCPTestServer\Libraries\Include\jsoncpp\src\test_lib_json\main.cpp(1582,3): warning C4838: conversion from 'long' to 'unsigned int' requires a narrowing conversion
C:\Users\user\Desktop\Game\IOCPTestServer\Libraries\Include\jsoncpp\src\test_lib_json\main.cpp(1598,3): warning C4838: conversion from 'long' to 'unsigned int' requires a narrowing conversion
C:\Users\user\Desktop\Game\IOCPTestServer\Libraries\Include\jsoncpp\src\test_lib_json\main.cpp(1599,3): warning C4838: conversion from 'long' to 'unsigned int' requires a narrowing conversion
C:\Users\user\Desktop\Game\IOCPTestServer\Libraries\Include\jsoncpp\src\test_lib_json\main.cpp(1600,3): warning C4838: conversion from 'long' to 'unsigned int' requires a narrowing conversion
C:\Users\user\Desktop\Game\IOCPTestServer\Libraries\Include\jsoncpp\src\test_lib_json\main.cpp(1601,3): warning C4838: conversion from 'long' to 'unsigned int' requires a narrowing conversion
C:\Users\user\Desktop\Game\IOCPTestServer\Libraries\Include\jsoncpp\src\test_lib_json\main.cpp(1602,3): warning C4838: conversion from 'long' to 'unsigned int' requires a narrowing conversion
C:\Users\user\Desktop\Game\IOCPTestServer\Libraries\Include\jsoncpp\src\test_lib_json\main.cpp(1603,3): warning C4838: conversion from 'long' to 'unsigned int' requires a narrowing conversion
C:\Users\user\Desktop\Game\IOCPTestServer\Libraries\Include\jsoncpp\src\test_lib_json\main.cpp(1604,3): warning C4838: conversion from 'long' to 'unsigned int' requires a narrowing conversion
C:\Users\user\Desktop\Game\IOCPTestServer\Libraries\Include\jsoncpp\src\test_lib_json\main.cpp(1605,3): warning C4838: conversion from 'long' to 'unsigned int' requires a narrowing conversion
C:\Users\user\Desktop\Game\IOCPTestServer\Libraries\Include\jsoncpp\src\test_lib_json\main.cpp(1606,3): warning C4838: conversion from 'long' to 'unsigned int' requires a narrowing conversion
C:\Users\user\Desktop\Game\IOCPTestServer\Libraries\Include\jsoncpp\src\test_lib_json\main.cpp(1618,5): warning C4838: conversion from 'long' to 'unsigned int' requires a narrowing conversion
C:\Users\user\Desktop\Game\IOCPTestServer\Libraries\Include\jsoncpp\src\test_lib_json\main.cpp(1619,5): warning C4838: conversion from 'long' to 'unsigned int' requires a narrowing conversion
C:\Users\user\Desktop\Game\IOCPTestServer\Libraries\Include\jsoncpp\src\test_lib_json\main.cpp(1620,5): warning C4838: conversion from 'long' to 'unsigned int' requires a narrowing conversion
C:\Users\user\Desktop\Game\IOCPTestServer\Libraries\Include\jsoncpp\src\test_lib_json\main.cpp(1621,5): warning C4838: conversion from 'long' to 'unsigned int' requires a narrowing conversion
C:\Users\user\Desktop\Game\IOCPTestServer\Libraries\Include\jsoncpp\src\test_lib_json\main.cpp(1622,5): warning C4838: conversion from 'long' to 'unsigned int' requires a narrowing conversion
C:\Users\user\Desktop\Game\IOCPTestServer\Libraries\Include\jsoncpp\src\test_lib_json\main.cpp(1623,5): warning C4838: conversion from 'long' to 'unsigned int' requires a narrowing conversion
C:\Users\user\Desktop\Game\IOCPTestServer\Libraries\Include\jsoncpp\src\test_lib_json\main.cpp(1624,5): warning C4838: conversion from 'long' to 'unsigned int' requires a narrowing conversion
C:\Users\user\Desktop\Game\IOCPTestServer\Libraries\Include\jsoncpp\src\test_lib_json\main.cpp(1630,3): warning C4838: conversion from 'long' to 'unsigned int' requires a narrowing conversion
C:\Users\user\Desktop\Game\IOCPTestServer\Libraries\Include\jsoncpp\src\test_lib_json\main.cpp(1631,3): warning C4838: conversion from 'long' to 'unsigned int' requires a narrowing conversion
C:\Users\user\Desktop\Game\IOCPTestServer\Libraries\Include\jsoncpp\src\test_lib_json\main.cpp(1632,3): warning C4838: conversion from 'long' to 'unsigned int' requires a narrowing conversion
C:\Users\user\Desktop\Game\IOCPTestServer\Libraries\Include\jsoncpp\src\test_lib_json\main.cpp(1633,3): warning C4838: conversion from 'long' to 'unsigned int' requires a narrowing conversion
C:\Users\user\Desktop\Game\IOCPTestServer\Libraries\Include\jsoncpp\src\test_lib_json\main.cpp(1634,3): warning C4838: conversion from 'long' to 'unsigned int' requires a narrowing conversion
C:\Users\user\Desktop\Game\IOCPTestServer\Libraries\Include\jsoncpp\src\test_lib_json\main.cpp(1635,1): warning C4838: conversion from 'long' to 'unsigned int' requires a narrowing conversion
C:\Users\user\Desktop\Game\IOCPTestServer\Libraries\Include\jsoncpp\src\test_lib_json\main.cpp(1637,1): warning C4838: conversion from 'long' to 'unsigned int' requires a narrowing conversion
C:\Users\user\Desktop\Game\IOCPTestServer\Libraries\Include\jsoncpp\src\test_lib_json\main.cpp(1652,5): warning C4838: conversion from 'long' to 'unsigned int' requires a narrowing conversion
C:\Users\user\Desktop\Game\IOCPTestServer\Libraries\Include\jsoncpp\src\test_lib_json\main.cpp(1653,5): warning C4838: conversion from 'long' to 'unsigned int' requires a narrowing conversion
C:\Users\user\Desktop\Game\IOCPTestServer\Libraries\Include\jsoncpp\src\test_lib_json\main.cpp(2354,1): warning C4819: The file contains a character that cannot be represented in the current code page (949). Save the file in Unicode format to prevent data loss
C:\Users\user\Desktop\Game\IOCPTestServer\Libraries\Include\jsoncpp\src\test_lib_json\main.cpp(3135,1): warning C4819: The file contains a character that cannot be represented in the current code page (949). Save the file in Unicode format to prevent data loss
  Generating Code...
  Allocator.cpp
  BufferReader.cpp
  BufferWriter.cpp
  ConsoleLog.cpp
  CoreGlobal.cpp
  CorePch.cpp
  CoreTLS.cpp
  DeadLockProfiler.cpp
  GlobalQueue.cpp
  IocpCore.cpp
  IocpEvent.cpp
  Job.cpp
  JobTimer.cpp
  LockQueue.cpp
  JobQueue.cpp
  Listener.cpp
  Lock.cpp
  Memory.cpp
  MemoryPool.cpp
  NetAddress.cpp
  Generating Code...
  Compiling...
  RecvBuffer.cpp
  RefCounting.cpp
  SendBuffer.cpp
  Service.cpp
  Session.cpp
  SHA256.cpp
C:\Users\user\Desktop\Game\IOCPTestServer\ServerCore\SHA256.cpp(161,16): warning C4244: '=': conversion from 'uint64_t' to 'uint8_t', possible loss of data
C:\Users\user\Desktop\Game\IOCPTestServer\ServerCore\SHA256.cpp(162,25): warning C4244: '=': conversion from 'uint64_t' to 'uint8_t', possible loss of data
C:\Users\user\Desktop\Game\IOCPTestServer\ServerCore\SHA256.cpp(163,25): warning C4244: '=': conversion from 'uint64_t' to 'uint8_t', possible loss of data
C:\Users\user\Desktop\Game\IOCPTestServer\ServerCore\SHA256.cpp(164,25): warning C4244: '=': conversion from 'uint64_t' to 'uint8_t', possible loss of data
C:\Users\user\Desktop\Game\IOCPTestServer\ServerCore\SHA256.cpp(165,25): warning C4244: '=': conversion from 'uint64_t' to 'uint8_t', possible loss of data
C:\Users\user\Desktop\Game\IOCPTestServer\ServerCore\SHA256.cpp(166,25): warning C4244: '=': conversion from 'uint64_t' to 'uint8_t', possible loss of data
C:\Users\user\Desktop\Game\IOCPTestServer\ServerCore\SHA256.cpp(167,25): warning C4244: '=': conversion from 'uint64_t' to 'uint8_t', possible loss of data
  SocketUtils.cpp
  ThreadManager.cpp
  Timer.cpp
C:\Users\user\Desktop\Game\IOCPTestServer\ServerCore\Timer.cpp(33,15): warning C4244: 'return': conversion from 'double' to 'float', possible loss of data
  Generating Code...
x64\Debug\main.obj : warning LNK4042: object specified more than once; extras ignored
  ServerCore.vcxproj -> C:\Users\user\Desktop\Game\IOCPTestServer\Libraries\Libs\ServerCore\Debug\ServerCore.lib
